Determining if the Q_WS_WIN exist failed with the following output:
Change Dir: /home/wyjang/Dropbox/Works/dune/sim/g4/TargetSim/build/CMakeFiles/CMakeTmp

Run Build Command(s):/usr/bin/gmake cmTC_aefc2/fast && /usr/bin/gmake  -f CMakeFiles/cmTC_aefc2.dir/build.make CMakeFiles/cmTC_aefc2.dir/build
gmake[1]: Entering directory '/wyjang/Dropbox/Works/dune/sim/g4/TargetSim/build/CMakeFiles/CMakeTmp'
Building CXX object CMakeFiles/cmTC_aefc2.dir/CheckSymbolExists.cxx.o
/usr/lib64/ccache/c++     -o CMakeFiles/cmTC_aefc2.dir/CheckSymbolExists.cxx.o -c /home/wyjang/Dropbox/Works/dune/sim/g4/TargetSim/build/CMakeFiles/CMakeTmp/CheckSymbolExists.cxx
/home/wyjang/Dropbox/Works/dune/sim/g4/TargetSim/build/CMakeFiles/CMakeTmp/CheckSymbolExists.cxx: In function ‘int main(int, char**)’:
/home/wyjang/Dropbox/Works/dune/sim/g4/TargetSim/build/CMakeFiles/CMakeTmp/CheckSymbolExists.cxx:8:19: error: ‘Q_WS_WIN’ was not declared in this scope
    8 |   return ((int*)(&Q_WS_WIN))[argc];
      |                   ^~~~~~~~
gmake[1]: *** [CMakeFiles/cmTC_aefc2.dir/build.make:86: CMakeFiles/cmTC_aefc2.dir/CheckSymbolExists.cxx.o] Error 1
gmake[1]: Leaving directory '/wyjang/Dropbox/Works/dune/sim/g4/TargetSim/build/CMakeFiles/CMakeTmp'
gmake: *** [Makefile:141: cmTC_aefc2/fast] Error 2


File /home/wyjang/Dropbox/Works/dune/sim/g4/TargetSim/build/CMakeFiles/CMakeTmp/CheckSymbolExists.cxx:
/* */
#include <QtCore/qglobal.h>

int main(int argc, char** argv)
{
  (void)argv;
#ifndef Q_WS_WIN
  return ((int*)(&Q_WS_WIN))[argc];
#else
  (void)argc;
  return 0;
#endif
}
Determining if the Q_WS_QWS exist failed with the following output:
Change Dir: /home/wyjang/Dropbox/Works/dune/sim/g4/TargetSim/build/CMakeFiles/CMakeTmp

Run Build Command(s):/usr/bin/gmake cmTC_e66ae/fast && /usr/bin/gmake  -f CMakeFiles/cmTC_e66ae.dir/build.make CMakeFiles/cmTC_e66ae.dir/build
gmake[1]: Entering directory '/wyjang/Dropbox/Works/dune/sim/g4/TargetSim/build/CMakeFiles/CMakeTmp'
Building CXX object CMakeFiles/cmTC_e66ae.dir/CheckSymbolExists.cxx.o
/usr/lib64/ccache/c++     -o CMakeFiles/cmTC_e66ae.dir/CheckSymbolExists.cxx.o -c /home/wyjang/Dropbox/Works/dune/sim/g4/TargetSim/build/CMakeFiles/CMakeTmp/CheckSymbolExists.cxx
/home/wyjang/Dropbox/Works/dune/sim/g4/TargetSim/build/CMakeFiles/CMakeTmp/CheckSymbolExists.cxx: In function ‘int main(int, char**)’:
/home/wyjang/Dropbox/Works/dune/sim/g4/TargetSim/build/CMakeFiles/CMakeTmp/CheckSymbolExists.cxx:8:19: error: ‘Q_WS_QWS’ was not declared in this scope
    8 |   return ((int*)(&Q_WS_QWS))[argc];
      |                   ^~~~~~~~
gmake[1]: *** [CMakeFiles/cmTC_e66ae.dir/build.make:86: CMakeFiles/cmTC_e66ae.dir/CheckSymbolExists.cxx.o] Error 1
gmake[1]: Leaving directory '/wyjang/Dropbox/Works/dune/sim/g4/TargetSim/build/CMakeFiles/CMakeTmp'
gmake: *** [Makefile:141: cmTC_e66ae/fast] Error 2


File /home/wyjang/Dropbox/Works/dune/sim/g4/TargetSim/build/CMakeFiles/CMakeTmp/CheckSymbolExists.cxx:
/* */
#include <QtCore/qglobal.h>

int main(int argc, char** argv)
{
  (void)argv;
#ifndef Q_WS_QWS
  return ((int*)(&Q_WS_QWS))[argc];
#else
  (void)argc;
  return 0;
#endif
}
Determining if the Q_WS_MAC exist failed with the following output:
Change Dir: /home/wyjang/Dropbox/Works/dune/sim/g4/TargetSim/build/CMakeFiles/CMakeTmp

Run Build Command(s):/usr/bin/gmake cmTC_123f2/fast && /usr/bin/gmake  -f CMakeFiles/cmTC_123f2.dir/build.make CMakeFiles/cmTC_123f2.dir/build
gmake[1]: Entering directory '/wyjang/Dropbox/Works/dune/sim/g4/TargetSim/build/CMakeFiles/CMakeTmp'
Building CXX object CMakeFiles/cmTC_123f2.dir/CheckSymbolExists.cxx.o
/usr/lib64/ccache/c++     -o CMakeFiles/cmTC_123f2.dir/CheckSymbolExists.cxx.o -c /home/wyjang/Dropbox/Works/dune/sim/g4/TargetSim/build/CMakeFiles/CMakeTmp/CheckSymbolExists.cxx
/home/wyjang/Dropbox/Works/dune/sim/g4/TargetSim/build/CMakeFiles/CMakeTmp/CheckSymbolExists.cxx: In function ‘int main(int, char**)’:
/home/wyjang/Dropbox/Works/dune/sim/g4/TargetSim/build/CMakeFiles/CMakeTmp/CheckSymbolExists.cxx:8:19: error: ‘Q_WS_MAC’ was not declared in this scope
    8 |   return ((int*)(&Q_WS_MAC))[argc];
      |                   ^~~~~~~~
gmake[1]: *** [CMakeFiles/cmTC_123f2.dir/build.make:86: CMakeFiles/cmTC_123f2.dir/CheckSymbolExists.cxx.o] Error 1
gmake[1]: Leaving directory '/wyjang/Dropbox/Works/dune/sim/g4/TargetSim/build/CMakeFiles/CMakeTmp'
gmake: *** [Makefile:141: cmTC_123f2/fast] Error 2


File /home/wyjang/Dropbox/Works/dune/sim/g4/TargetSim/build/CMakeFiles/CMakeTmp/CheckSymbolExists.cxx:
/* */
#include <QtCore/qglobal.h>

int main(int argc, char** argv)
{
  (void)argv;
#ifndef Q_WS_MAC
  return ((int*)(&Q_WS_MAC))[argc];
#else
  (void)argc;
  return 0;
#endif
}
